2025-04-04 17:56:22,473 - root - INFO - raqim services applied on 1000 text
2025-04-04 17:56:27,197 - root - INFO - 0 remaining texts
2025-04-04 17:56:28,719 - root - INFO - raqim services applied on 1000 text
2025-04-04 17:56:32,089 - root - INFO - 0 remaining texts
2025-04-04 17:56:33,972 - root - INFO - raqim services applied on 1000 text
2025-04-04 17:56:34,471 - root - INFO - 0 remaining texts
2025-04-04 17:56:35,022 - root - INFO - raqim services applied on 1000 text
2025-04-04 17:56:35,428 - root - INFO - 0 remaining texts
2025-04-04 17:56:35,885 - root - INFO - raqim services applied on 1000 text
2025-04-04 17:56:36,631 - root - INFO - 0 remaining texts
2025-04-04 17:59:57,033 - root - INFO - raqim services applied on 1000 text
2025-04-04 17:59:57,033 - root - INFO - 0 remaining texts
2025-04-08 17:20:10,107 - root - INFO - raqim services applied on 1000 text
2025-04-08 17:20:10,109 - root - INFO - 0 remaining texts
2025-04-08 17:43:40,106 - root - INFO - raqim services applied on 1000 text
2025-04-08 17:43:40,107 - root - INFO - 11 remaining texts
2025-04-08 17:44:18,142 - root - INFO - raqim services applied on 1000 text
2025-04-08 17:44:18,143 - root - INFO - 0 remaining texts
2025-04-08 18:00:47,121 - root - INFO - raqim services applied on 1000 text
2025-04-08 18:00:47,122 - root - INFO - 0 remaining texts
2025-04-10 15:07:49,544 - root - INFO - Database connection established.
2025-04-10 15:07:49,556 - root - INFO - start text raqim service
2025-04-10 15:07:52,752 - root - ERROR - 
2025-04-10 15:08:04,464 - root - INFO - Database connection established.
2025-04-10 15:08:08,775 - root - INFO - start text raqim service
2025-04-10 15:08:23,081 - root - INFO - dialect detection service Input must be a list
2025-04-10 15:08:25,966 - root - INFO - language detection service 'lang'
2025-04-10 15:08:26,877 - root - INFO - sentiment analysis service 'NoneType' object is not iterable
2025-04-10 15:08:48,082 - root - ERROR - 
2025-04-10 15:09:45,584 - root - INFO - Database connection established.
2025-04-10 15:09:45,591 - root - INFO - start text raqim service
2025-04-10 15:09:55,838 - root - ERROR - 
2025-04-10 15:09:59,174 - root - INFO - Database connection established.
2025-04-10 15:09:59,180 - root - INFO - start text raqim service
2025-04-10 15:10:20,474 - root - INFO - dialect detection service Input must be a list
2025-04-10 15:11:37,947 - root - ERROR - 
2025-04-10 15:11:44,705 - root - INFO - Database connection established.
2025-04-10 15:11:44,712 - root - INFO - start text raqim service
2025-04-10 15:12:02,919 - root - INFO - dialect detection service Input must be a list
2025-04-10 15:12:06,008 - root - INFO - sentiment analysis service 'NoneType' object is not iterable
2025-04-10 15:12:18,801 - root - ERROR - Object of type type is not JSON serializable
2025-04-10 15:14:21,639 - root - INFO - Database connection established.
2025-04-10 15:14:21,646 - root - INFO - start text raqim service
2025-04-10 15:14:28,205 - root - INFO - dialect detection service Input must be a list
2025-04-10 15:14:28,765 - root - INFO - language detection service 'lang'
2025-04-10 15:14:29,262 - root - INFO - sentiment analysis service 'NoneType' object is not iterable
2025-04-10 15:14:35,485 - root - ERROR - 
2025-04-10 15:14:42,685 - root - INFO - Database connection established.
2025-04-10 15:14:42,692 - root - INFO - start text raqim service
2025-04-10 15:15:41,458 - root - INFO - start text raqim service
2025-04-10 15:15:42,889 - root - INFO - ⏸️ No unprocessed videos. Sleeping for 5 minutes...
2025-04-10 15:16:10,812 - root - INFO - start text raqim service
2025-04-10 15:16:57,434 - root - INFO - dialect detection service Input must be a list
2025-04-10 15:17:17,665 - root - INFO - Database connection established.
2025-04-10 15:17:17,672 - root - INFO - start text raqim service
2025-04-10 15:17:28,246 - root - INFO - dialect detection service Input must be a list
2025-04-10 15:18:26,711 - root - ERROR - 
2025-04-10 15:19:03,093 - root - INFO - Database connection established.
2025-04-10 15:19:03,100 - root - INFO - start text raqim service
2025-04-10 15:20:52,626 - root - ERROR - 
2025-04-10 15:20:58,038 - root - INFO - Database connection established.
2025-04-10 15:20:58,045 - root - INFO - start text raqim service
2025-04-10 15:21:22,322 - root - INFO - dialect detection service Input must be a list
2025-04-10 15:21:43,023 - root - INFO - Database connection established.
2025-04-10 15:21:43,029 - root - INFO - start text raqim service
2025-04-10 15:21:57,922 - root - INFO - dialect detection service Input must be a list
2025-04-10 15:22:23,099 - root - INFO - language detection service 
2025-04-10 15:22:23,586 - root - INFO - sentiment analysis service 'NoneType' object is not iterable
2025-04-10 15:22:23,590 - root - INFO - start text raqim service
2025-04-10 15:22:23,591 - root - INFO - ⏸️ No unprocessed videos. Sleeping for 5 minutes...
2025-04-10 15:22:27,961 - root - INFO - Database connection established.
2025-04-10 15:22:27,968 - root - INFO - start text raqim service
2025-04-10 15:22:28,352 - root - INFO - ⏸️ No unprocessed videos. Sleeping for 5 minutes...
2025-04-10 15:22:30,354 - root - INFO - start text raqim service
2025-04-10 15:22:35,061 - root - INFO - ⏸️ No unprocessed videos. Sleeping for 5 minutes...
2025-04-10 15:22:37,063 - root - INFO - start text raqim service
2025-04-10 15:22:37,830 - root - INFO - ⏸️ No unprocessed videos. Sleeping for 5 minutes...
2025-04-10 15:22:39,832 - root - INFO - start text raqim service
2025-04-10 15:22:46,038 - root - INFO - ⏸️ No unprocessed videos. Sleeping for 5 minutes...
2025-04-10 15:22:48,040 - root - INFO - start text raqim service
2025-04-10 15:23:00,977 - root - INFO - dialect detection service Input must be a list
2025-04-10 15:23:20,695 - root - INFO - sentiment analysis service 'NoneType' object is not iterable
2025-04-10 15:23:48,873 - root - ERROR - 
2025-04-10 15:23:52,441 - root - INFO - Database connection established.
2025-04-10 15:23:52,447 - root - INFO - start text raqim service
2025-04-10 15:23:54,415 - root - INFO - ⏸️ No unprocessed videos. Sleeping for 5 minutes...
2025-04-10 15:24:00,155 - root - INFO - start text raqim service
2025-04-10 15:24:09,664 - root - ERROR - 
2025-04-10 15:24:13,133 - root - INFO - Database connection established.
2025-04-10 15:24:13,140 - root - INFO - start text raqim service
2025-04-10 15:24:14,705 - root - INFO - ⏸️ No unprocessed videos. Sleeping for 5 minutes...
2025-04-10 15:24:16,707 - root - INFO - start text raqim service
2025-04-10 15:24:48,547 - root - INFO - ⏸️ No unprocessed videos. Sleeping for 5 minutes...
2025-04-10 15:24:50,550 - root - INFO - start text raqim service
2025-04-10 15:24:54,269 - root - ERROR - 
2025-04-10 15:24:59,295 - root - INFO - Database connection established.
2025-04-10 15:24:59,312 - root - INFO - start text raqim service
2025-04-10 15:25:01,573 - root - INFO - ⏸️ No unprocessed videos. Sleeping for 5 minutes...
2025-04-10 15:30:01,673 - root - INFO - start text raqim service
2025-04-10 15:30:01,674 - root - INFO - ⏸️ No unprocessed videos. Sleeping for 5 minutes...
2025-04-10 15:35:01,722 - root - INFO - start text raqim service
2025-04-10 15:35:01,723 - root - INFO - ⏸️ No unprocessed videos. Sleeping for 5 minutes...
2025-04-10 15:40:01,824 - root - INFO - start text raqim service
2025-04-10 15:40:01,825 - root - INFO - ⏸️ No unprocessed videos. Sleeping for 5 minutes...
2025-04-10 15:45:01,926 - root - INFO - start text raqim service
2025-04-10 15:46:58,308 - root - INFO - dialect detection service Input must be a list
2025-04-10 15:47:08,914 - root - INFO - sentiment analysis service 'NoneType' object is not iterable
2025-04-10 15:47:11,006 - root - INFO - start text raqim service
2025-04-10 15:47:11,007 - root - INFO - ⏸️ No unprocessed videos. Sleeping for 5 minutes...
2025-04-10 15:50:23,064 - root - ERROR - 
